<?xml version="1.0" encoding="UTF-8"?>
<robot rpa="false" generated="20220209 09:47:11.572" schemaversion="2" generator="Robot 4.1.3 (Python 2.7.14 on win32)">
<suite source="C:\Users\CTEA\PycharmProjects\robot_project\selenium_suite" id="s1" name="Selenium Suite">
<suite source="C:\Users\CTEA\PycharmProjects\robot_project\selenium_suite\orange_hrm_suite.robot" id="s1-s1" name="Orange Hrm Suite">
<test id="s1-s1-t1" name="TC1 Valid Login">
<kw name="Append To Environment Variable" library="OperatingSystem">
<arg>path</arg>
<arg>${EXECDIR}\\Driver</arg>
<doc>Appends given ``values`` to environment variable ``name``.</doc>
<msg timestamp="20220209 09:47:11.650" level="INFO">Environment variable 'path' set to value 'C:\Python38\;C:\Python38\Scripts\;C:\Python27\;C:\Python27\Scripts\;C:\Windows\system32;C:\Windows;C:\Windows\System32\Wbem;C:\Windows\System32\WindowsPowerShell\v1.0\;C:\Program Files (x86)\Toshiba\Bluetooth Toshiba Stack\sys\;C:\Program Files (x86)\Toshiba\Bluetooth Toshiba Stack\sys\x64\;c:\Program Files (x86)\Microsoft SQL Server\100\Tools\Binn\;c:\Program Files\Microsoft SQL Server\100\Tools\Binn\;c:\Program Files\Microsoft SQL Server\100\DTS\Binn\;C:\Program Files\TortoiseSVN\bin;C:\Users\CTEA\AppData\Local\Programs\Python\Python38\Scripts\;C:\Users\CTEA\AppData\Local\Programs\Python\Python38\;C:\Program Files (x86)\mingw-w64\i686-8.1.0-posix-dwarf-rt_v6-rev0\mingw32\bin;C:\Program Files\JetBrains\PyCharm Community Edition 2021.3.2\bin;;c:\python27\lib\site-packages\pywin32_system32;C:\Users\CTEA\PycharmProjects\robot_project\Driver'.</msg>
<status status="PASS" endtime="20220209 09:47:11.650" starttime="20220209 09:47:11.649"/>
</kw>
<kw name="Open Browser">
<arg>url=https://robotframework.org/SeleniumLibrary/SeleniumLibrary.html</arg>
<arg>browser=chrome</arg>
<msg timestamp="20220209 09:47:11.656" level="FAIL">No keyword with name 'Open Browser' found.</msg>
<status status="FAIL" endtime="20220209 09:47:11.656" starttime="20220209 09:47:11.656"/>
</kw>
<status status="FAIL" endtime="20220209 09:47:11.658" starttime="20220209 09:47:11.648">No keyword with name 'Open Browser' found.</status>
</test>
<status status="FAIL" endtime="20220209 09:47:11.661" starttime="20220209 09:47:11.619"/>
</suite>
<status status="FAIL" endtime="20220209 09:47:11.666" starttime="20220209 09:47:11.577"/>
</suite>
<statistics>
<total>
<stat fail="1" skip="0" pass="0">All Tests</stat>
</total>
<tag>
</tag>
<suite>
<stat fail="1" skip="0" id="s1" name="Selenium Suite" pass="0">Selenium Suite</stat>
<stat fail="1" skip="0" id="s1-s1" name="Orange Hrm Suite" pass="0">Selenium Suite.Orange Hrm Suite</stat>
</suite>
</statistics>
<errors>
<msg timestamp="20220209 09:47:11.624" level="ERROR">Error in file 'C:\Users\CTEA\PycharmProjects\robot_project\selenium_suite\orange_hrm_suite.robot' on line 2: Importing library 'SeleniumLibrary' failed: ImportError: No module named SeleniumLibrary
Traceback (most recent call last):
  None
PYTHONPATH:
  C:\Python27\Scripts\robot.exe
  c:\python27\python27.zip
  c:\python27\DLLs
  c:\python27\lib
  c:\python27\lib\plat-win
  c:\python27\lib\lib-tk
  c:\python27
  C:\Users\CTEA\AppData\Roaming\Python\Python27\site-packages
  c:\python27\lib\site-packages
  c:\python27\lib\site-packages\lasagne-0.2.dev1-py2.7.egg
  c:\python27\lib\site-packages\pandas-0.20.2-py2.7-win-amd64.egg
  c:\python27\lib\site-packages\win32
  c:\python27\lib\site-packages\win32\lib
  c:\python27\lib\site-packages\Pythonwin</msg>
</errors>
</robot>
