<?xml version="1.0" encoding="UTF-8"?>
<robot rpa="false" generated="20220210 08:48:39.962" schemaversion="2" generator="Robot 4.1.3 (Python 2.7.14 on win32)">
<suite source="C:\Users\CTEA\PycharmProjects\robot_project\selenium_suite\orange_hrm_suite.robot" id="s1" name="Orange Hrm Suite">
<test id="s1-t1" name="TC1 Valid Login">
<kw name="Open Browser">
<arg>url=https://opensource-demo.orangehrmlive.com/</arg>
<arg>browser=chrome</arg>
<arg>executable_path=${EXECDIR}/Driver/chromedriver</arg>
<msg timestamp="20220210 08:48:40.040" level="FAIL">No keyword with name 'Open Browser' found.</msg>
<status status="FAIL" endtime="20220210 08:48:40.040" starttime="20220210 08:48:40.040"/>
</kw>
<kw name="Input Text">
<arg>id=txtUsername</arg>
<arg>Admin</arg>
<status status="NOT RUN" endtime="20220210 08:48:40.047" starttime="20220210 08:48:40.046"/>
</kw>
<kw name="Input Password">
<arg>id=txtPassword</arg>
<arg>admin123</arg>
<status status="NOT RUN" endtime="20220210 08:48:40.055" starttime="20220210 08:48:40.052"/>
</kw>
<kw name="Click Element">
<arg>name=Submit</arg>
<status status="NOT RUN" endtime="20220210 08:48:40.060" starttime="20220210 08:48:40.060"/>
</kw>
<kw name="Get Location">
<var>${url}</var>
<status status="NOT RUN" endtime="20220210 08:48:40.065" starttime="20220210 08:48:40.065"/>
</kw>
<kw name="Log To Console" library="BuiltIn">
<arg>${url}</arg>
<doc>Logs the given message to the console.</doc>
<status status="NOT RUN" endtime="20220210 08:48:40.066" starttime="20220210 08:48:40.066"/>
</kw>
<kw name="Click Element">
<arg>id=welcome</arg>
<status status="NOT RUN" endtime="20220210 08:48:40.072" starttime="20220210 08:48:40.072"/>
</kw>
<kw name="Sleep" library="BuiltIn">
<arg>5s</arg>
<doc>Pauses the test executed for the given time.</doc>
<status status="NOT RUN" endtime="20220210 08:48:40.073" starttime="20220210 08:48:40.073"/>
</kw>
<kw name="Click Element">
<arg>link=Logout</arg>
<status status="NOT RUN" endtime="20220210 08:48:40.079" starttime="20220210 08:48:40.079"/>
</kw>
<kw name="Close Browser">
<status status="NOT RUN" endtime="20220210 08:48:40.086" starttime="20220210 08:48:40.086"/>
</kw>
<status status="FAIL" endtime="20220210 08:48:40.087" starttime="20220210 08:48:40.030">No keyword with name 'Open Browser' found.</status>
</test>
<status status="FAIL" endtime="20220210 08:48:40.089" starttime="20220210 08:48:39.967"/>
</suite>
<statistics>
<total>
<stat fail="1" skip="0" pass="0">All Tests</stat>
</total>
<tag>
</tag>
<suite>
<stat fail="1" skip="0" id="s1" name="Orange Hrm Suite" pass="0">Orange Hrm Suite</stat>
</suite>
</statistics>
<errors>
<msg timestamp="20220210 08:48:40.006" level="ERROR">Error in file 'C:\Users\CTEA\PycharmProjects\robot_project\selenium_suite\orange_hrm_suite.robot' on line 2: Importing library 'SeleniumLibrary' failed: ImportError: No module named SeleniumLibrary
Traceback (most recent call last):
  None
PYTHONPATH:
  C:\Python27\Scripts\robot.exe
  c:\python27\python27.zip
  c:\python27\DLLs
  c:\python27\lib
  c:\python27\lib\plat-win
  c:\python27\lib\lib-tk
  c:\python27
  C:\Users\CTEA\AppData\Roaming\Python\Python27\site-packages
  c:\python27\lib\site-packages
  c:\python27\lib\site-packages\lasagne-0.2.dev1-py2.7.egg
  c:\python27\lib\site-packages\pandas-0.20.2-py2.7-win-amd64.egg
  c:\python27\lib\site-packages\win32
  c:\python27\lib\site-packages\win32\lib
  c:\python27\lib\site-packages\Pythonwin</msg>
</errors>
</robot>
